<?xml version="1.0" encoding="UTF-8"?>
<!-- Generated by org.testng.reporters.JUnitXMLReporter -->
<testsuite ignored="0" hostname="LAPTOP-IC93JORH" failures="0" tests="3" name="HomePage" time="6.966" errors="0" timestamp="2024-05-23T19:10:02 IST">
  <testcase classname="com.CRM.TestCase.HomePageTest" name="validateAppUrl" time="0.015"/>
  <testcase classname="com.CRM.TestCase.HomePageTest" name="validateAppTitle" time="0.01"/>
  <testcase classname="com.CRM.TestCase.HomePageTest" name="validateAppSignIn" time="0.107"/>
</testsuite> <!-- HomePage -->
