<?xml version="1.0" encoding="UTF-8"?>
<testng-results ignored="0" total="4" passed="4" failed="0" skipped="0">
  <reporter-output>
  </reporter-output>
  <suite started-at="2024-05-25T19:36:36 IST" name="Suite" finished-at="2024-05-25T19:36:52 IST" duration-ms="16366">
    <groups>
    </groups>
    <test started-at="2024-05-25T19:36:36 IST" name="HomePage" finished-at="2024-05-25T19:36:44 IST" duration-ms="8176">
      <class name="com.CRM.TestCase.HomePageTest">
        <test-method is-config="true" signature="setUpBrowser()[pri:0, instance:com.CRM.TestCase.HomePageTest@1ddf84b8]" started-at="2024-05-25T19:36:36 IST" name="setUpBrowser" finished-at="2024-05-25T19:36:42 IST" duration-ms="6162" status="PASS">
          <reporter-output>
          </reporter-output>
        </test-method> <!-- setUpBrowser -->
        <test-method is-config="true" signature="pagesetup()[pri:0, instance:com.CRM.TestCase.HomePageTest@1ddf84b8]" started-at="2024-05-25T19:36:42 IST" name="pagesetup" finished-at="2024-05-25T19:36:44 IST" duration-ms="1721" status="PASS">
          <reporter-output>
          </reporter-output>
        </test-method> <!-- pagesetup -->
        <test-method signature="validateAppUrl()[pri:1, instance:com.CRM.TestCase.HomePageTest@1ddf84b8]" started-at="2024-05-25T19:36:44 IST" name="validateAppUrl" finished-at="2024-05-25T19:36:44 IST" duration-ms="17" status="PASS">
          <reporter-output>
          </reporter-output>
        </test-method> <!-- validateAppUrl -->
        <test-method signature="validateAppTitle()[pri:2, instance:com.CRM.TestCase.HomePageTest@1ddf84b8]" started-at="2024-05-25T19:36:44 IST" name="validateAppTitle" finished-at="2024-05-25T19:36:44 IST" duration-ms="24" status="PASS">
          <reporter-output>
          </reporter-output>
        </test-method> <!-- validateAppTitle -->
        <test-method signature="validateAppSignIn()[pri:3, instance:com.CRM.TestCase.HomePageTest@1ddf84b8]" started-at="2024-05-25T19:36:44 IST" name="validateAppSignIn" finished-at="2024-05-25T19:36:44 IST" duration-ms="184" status="PASS">
          <reporter-output>
          </reporter-output>
        </test-method> <!-- validateAppSignIn -->
      </class> <!-- com.CRM.TestCase.HomePageTest -->
    </test> <!-- HomePage -->
    <test started-at="2024-05-25T19:36:44 IST" name="LoginPage" finished-at="2024-05-25T19:36:52 IST" duration-ms="8090">
      <class name="com.CRM.TestCase.LoginPageTest">
        <test-method is-config="true" signature="setUpBrowser()[pri:0, instance:com.CRM.TestCase.LoginPageTest@498d318c]" started-at="2024-05-25T19:36:44 IST" name="setUpBrowser" finished-at="2024-05-25T19:36:48 IST" duration-ms="4150" status="PASS">
          <reporter-output>
          </reporter-output>
        </test-method> <!-- setUpBrowser -->
        <test-method is-config="true" signature="pagesetup()[pri:0, instance:com.CRM.TestCase.LoginPageTest@498d318c]" started-at="2024-05-25T19:36:48 IST" name="pagesetup" finished-at="2024-05-25T19:36:50 IST" duration-ms="1442" status="PASS">
          <reporter-output>
          </reporter-output>
        </test-method> <!-- pagesetup -->
        <test-method signature="login()[pri:0, instance:com.CRM.TestCase.LoginPageTest@498d318c]" started-at="2024-05-25T19:36:50 IST" name="login" finished-at="2024-05-25T19:36:52 IST" duration-ms="2480" status="PASS">
          <reporter-output>
          </reporter-output>
        </test-method> <!-- login -->
      </class> <!-- com.CRM.TestCase.LoginPageTest -->
    </test> <!-- LoginPage -->
  </suite> <!-- Suite -->
</testng-results>
