<?xml version="1.0" encoding="UTF-8"?>
<testng-results ignored="0" total="4" passed="4" failed="0" skipped="0">
  <reporter-output>
  </reporter-output>
  <suite started-at="2024-05-23T19:09:55 IST" name="Suite" finished-at="2024-05-23T19:10:12 IST" duration-ms="16994">
    <groups>
    </groups>
    <test started-at="2024-05-23T19:09:55 IST" name="HomePage" finished-at="2024-05-23T19:10:02 IST" duration-ms="6966">
      <class name="com.CRM.TestCase.HomePageTest">
        <test-method is-config="true" signature="setUpBrowser()[pri:0, instance:com.CRM.TestCase.HomePageTest@70e9c95d]" started-at="2024-05-23T19:09:55 IST" name="setUpBrowser" finished-at="2024-05-23T19:10:00 IST" duration-ms="5121" status="PASS">
          <reporter-output>
          </reporter-output>
        </test-method> <!-- setUpBrowser -->
        <test-method is-config="true" signature="pagesetup()[pri:0, instance:com.CRM.TestCase.HomePageTest@70e9c95d]" started-at="2024-05-23T19:10:00 IST" name="pagesetup" finished-at="2024-05-23T19:10:02 IST" duration-ms="1670" status="PASS">
          <reporter-output>
          </reporter-output>
        </test-method> <!-- pagesetup -->
        <test-method signature="validateAppUrl()[pri:1, instance:com.CRM.TestCase.HomePageTest@70e9c95d]" started-at="2024-05-23T19:10:02 IST" name="validateAppUrl" finished-at="2024-05-23T19:10:02 IST" duration-ms="15" status="PASS">
          <reporter-output>
          </reporter-output>
        </test-method> <!-- validateAppUrl -->
        <test-method signature="validateAppTitle()[pri:2, instance:com.CRM.TestCase.HomePageTest@70e9c95d]" started-at="2024-05-23T19:10:02 IST" name="validateAppTitle" finished-at="2024-05-23T19:10:02 IST" duration-ms="10" status="PASS">
          <reporter-output>
          </reporter-output>
        </test-method> <!-- validateAppTitle -->
        <test-method signature="validateAppSignIn()[pri:3, instance:com.CRM.TestCase.HomePageTest@70e9c95d]" started-at="2024-05-23T19:10:02 IST" name="validateAppSignIn" finished-at="2024-05-23T19:10:02 IST" duration-ms="107" status="PASS">
          <reporter-output>
          </reporter-output>
        </test-method> <!-- validateAppSignIn -->
      </class> <!-- com.CRM.TestCase.HomePageTest -->
    </test> <!-- HomePage -->
    <test started-at="2024-05-23T19:10:02 IST" name="LoginPage" finished-at="2024-05-23T19:10:12 IST" duration-ms="9891">
      <class name="com.CRM.TestCase.LoginPageTest">
        <test-method is-config="true" signature="setUpBrowser()[pri:0, instance:com.CRM.TestCase.LoginPageTest@173ed316]" started-at="2024-05-23T19:10:02 IST" name="setUpBrowser" finished-at="2024-05-23T19:10:07 IST" duration-ms="4414" status="PASS">
          <reporter-output>
          </reporter-output>
        </test-method> <!-- setUpBrowser -->
        <test-method is-config="true" signature="pagesetup()[pri:0, instance:com.CRM.TestCase.LoginPageTest@173ed316]" started-at="2024-05-23T19:10:07 IST" name="pagesetup" finished-at="2024-05-23T19:10:09 IST" duration-ms="2392" status="PASS">
          <reporter-output>
          </reporter-output>
        </test-method> <!-- pagesetup -->
        <test-method signature="login()[pri:0, instance:com.CRM.TestCase.LoginPageTest@173ed316]" started-at="2024-05-23T19:10:09 IST" name="login" finished-at="2024-05-23T19:10:12 IST" duration-ms="3078" status="PASS">
          <reporter-output>
          </reporter-output>
        </test-method> <!-- login -->
      </class> <!-- com.CRM.TestCase.LoginPageTest -->
    </test> <!-- LoginPage -->
  </suite> <!-- Suite -->
</testng-results>
