<?xml version="1.0" encoding="UTF-8"?>
<testng-results ignored="0" total="4" passed="4" failed="0" skipped="0">
  <reporter-output>
  </reporter-output>
  <suite started-at="2024-05-25T21:46:20 IST" name="Suite" finished-at="2024-05-25T21:46:42 IST" duration-ms="21671">
    <groups>
    </groups>
    <test started-at="2024-05-25T21:46:20 IST" name="HomePage" finished-at="2024-05-25T21:46:33 IST" duration-ms="12703">
      <class name="com.CRM.TestCase.HomePageTest">
        <test-method is-config="true" signature="setUpBrowser()[pri:0, instance:com.CRM.TestCase.HomePageTest@70e9c95d]" started-at="2024-05-25T21:46:20 IST" name="setUpBrowser" finished-at="2024-05-25T21:46:28 IST" duration-ms="7301" status="PASS">
          <reporter-output>
          </reporter-output>
        </test-method> <!-- setUpBrowser -->
        <test-method is-config="true" signature="pagesetup()[pri:0, instance:com.CRM.TestCase.HomePageTest@70e9c95d]" started-at="2024-05-25T21:46:28 IST" name="pagesetup" finished-at="2024-05-25T21:46:33 IST" duration-ms="4976" status="PASS">
          <reporter-output>
          </reporter-output>
        </test-method> <!-- pagesetup -->
        <test-method signature="validateAppUrl()[pri:1, instance:com.CRM.TestCase.HomePageTest@70e9c95d]" started-at="2024-05-25T21:46:33 IST" name="validateAppUrl" finished-at="2024-05-25T21:46:33 IST" duration-ms="23" status="PASS">
          <reporter-output>
          </reporter-output>
        </test-method> <!-- validateAppUrl -->
        <test-method signature="validateAppTitle()[pri:2, instance:com.CRM.TestCase.HomePageTest@70e9c95d]" started-at="2024-05-25T21:46:33 IST" name="validateAppTitle" finished-at="2024-05-25T21:46:33 IST" duration-ms="13" status="PASS">
          <reporter-output>
          </reporter-output>
        </test-method> <!-- validateAppTitle -->
        <test-method signature="validateAppSignIn()[pri:3, instance:com.CRM.TestCase.HomePageTest@70e9c95d]" started-at="2024-05-25T21:46:33 IST" name="validateAppSignIn" finished-at="2024-05-25T21:46:33 IST" duration-ms="324" status="PASS">
          <reporter-output>
          </reporter-output>
        </test-method> <!-- validateAppSignIn -->
      </class> <!-- com.CRM.TestCase.HomePageTest -->
    </test> <!-- HomePage -->
    <test started-at="2024-05-25T21:46:33 IST" name="LoginPage" finished-at="2024-05-25T21:46:42 IST" duration-ms="8834">
      <class name="com.CRM.TestCase.LoginPageTest">
        <test-method is-config="true" signature="setUpBrowser()[pri:0, instance:com.CRM.TestCase.LoginPageTest@173ed316]" started-at="2024-05-25T21:46:33 IST" name="setUpBrowser" finished-at="2024-05-25T21:46:37 IST" duration-ms="3549" status="PASS">
          <reporter-output>
          </reporter-output>
        </test-method> <!-- setUpBrowser -->
        <test-method is-config="true" signature="pagesetup()[pri:0, instance:com.CRM.TestCase.LoginPageTest@173ed316]" started-at="2024-05-25T21:46:37 IST" name="pagesetup" finished-at="2024-05-25T21:46:39 IST" duration-ms="2404" status="PASS">
          <reporter-output>
          </reporter-output>
        </test-method> <!-- pagesetup -->
        <test-method signature="login()[pri:0, instance:com.CRM.TestCase.LoginPageTest@173ed316]" started-at="2024-05-25T21:46:39 IST" name="login" finished-at="2024-05-25T21:46:42 IST" duration-ms="2878" status="PASS">
          <reporter-output>
          </reporter-output>
        </test-method> <!-- login -->
      </class> <!-- com.CRM.TestCase.LoginPageTest -->
    </test> <!-- LoginPage -->
  </suite> <!-- Suite -->
</testng-results>
